codescan/internal/comment-parsers/enum.go:12:6: func parseEnumOld is unused (unused)
func parseEnumOld(val string, s *spec.SimpleSchema) []any {
     ^
codescan/internal/comment-parsers/enum.go:27:6: func parseEnum is unused (unused)
func parseEnum(val string, s *spec.SimpleSchema) []any {
     ^
codescan/internal/comment-parsers/extensions.go:14:7: const alphaChars is unused (unused)
const alphaChars = "abcdefghijklmnopqrstuvwxyzABCDEFGHIJKLMNOPQRSTUVWXYZ"
      ^
codescan/internal/comment-parsers/extensions.go:16:6: func newSetExtensions is unused (unused)
func newSetExtensions(setter func(*spec.Extensions)) *setOpExtensions {
     ^
codescan/internal/comment-parsers/extensions.go:23:6: type setOpExtensions is unused (unused)
type setOpExtensions struct {
     ^
codescan/internal/comment-parsers/extensions.go:28:6: type extensionObject is unused (unused)
type extensionObject struct {
     ^
codescan/internal/comment-parsers/extensions.go:33:6: type extensionParsingStack is unused (unused)
type extensionParsingStack []any
     ^
codescan/internal/comment-parsers/extensions.go:36:37: func (*extensionParsingStack).walkBack is unused (unused)
func (stack *extensionParsingStack) walkBack(rawLines []string, lineIndex int) {
                                    ^
codescan/internal/comment-parsers/extensions.go:59:6: func buildExtensionObjects is unused (unused)
func buildExtensionObjects(rawLines []string, cleanLines []string, lineIndex int, extObjs *[]extensionObject, stack *extensionParsingStack) {
     ^
codescan/internal/comment-parsers/extensions.go:163:28: func (*setOpExtensions).Matches is unused (unused)
func (ss *setOpExtensions) Matches(line string) bool {
                           ^
codescan/internal/comment-parsers/extensions.go:167:28: func (*setOpExtensions).Parse is unused (unused)
func (ss *setOpExtensions) Parse(lines []string) error {
                           ^
codescan/internal/comment-parsers/matchers.go:123:6: func removeEmptyLines is unused (unused)
func removeEmptyLines(lines []string) (notEmpty []string) {
     ^
codescan/internal/comment-parsers/matchers.go:135:6: func rxf is unused (unused)
func rxf(rxp, ar string) *regexp.Regexp {
     ^
codescan/internal/comment-parsers/parser.go:71:6: type validationBuilder is unused (unused)
type validationBuilder interface {
     ^
codescan/internal/comment-parsers/parser.go:94:6: type operationValidationBuilder is unused (unused)
type operationValidationBuilder interface {
     ^
codescan/internal/comment-parsers/parser.go:99:6: type setMaximum is unused (unused)
type setMaximum struct {
     ^
codescan/internal/comment-parsers/parser.go:104:23: func (*setMaximum).Parse is unused (unused)
func (sm *setMaximum) Parse(lines []string) error {
                      ^
codescan/internal/comment-parsers/parser.go:119:23: func (*setMaximum).Matches is unused (unused)
func (sm *setMaximum) Matches(line string) bool {
                      ^
codescan/internal/comment-parsers/parser.go:123:6: type setMinimum is unused (unused)
type setMinimum struct {
     ^
codescan/internal/comment-parsers/parser.go:128:23: func (*setMinimum).Matches is unused (unused)
func (sm *setMinimum) Matches(line string) bool {
                      ^
codescan/internal/comment-parsers/parser.go:132:23: func (*setMinimum).Parse is unused (unused)
func (sm *setMinimum) Parse(lines []string) error {
                      ^
codescan/internal/comment-parsers/parser.go:151:6: type setMultipleOf is unused (unused)
type setMultipleOf struct {
     ^
codescan/internal/comment-parsers/parser.go:156:26: func (*setMultipleOf).Matches is unused (unused)
func (sm *setMultipleOf) Matches(line string) bool {
                         ^
codescan/internal/comment-parsers/parser.go:160:26: func (*setMultipleOf).Parse is unused (unused)
func (sm *setMultipleOf) Parse(lines []string) error {
                         ^
codescan/internal/comment-parsers/parser.go:178:6: type setMaxItems is unused (unused)
type setMaxItems struct {
     ^
codescan/internal/comment-parsers/parser.go:183:24: func (*setMaxItems).Matches is unused (unused)
func (sm *setMaxItems) Matches(line string) bool {
                       ^
codescan/internal/comment-parsers/parser.go:187:24: func (*setMaxItems).Parse is unused (unused)
func (sm *setMaxItems) Parse(lines []string) error {
                       ^
codescan/internal/comment-parsers/parser.go:205:6: type setMinItems is unused (unused)
type setMinItems struct {
     ^
codescan/internal/comment-parsers/parser.go:210:24: func (*setMinItems).Matches is unused (unused)
func (sm *setMinItems) Matches(line string) bool {
                       ^
codescan/internal/comment-parsers/parser.go:214:24: func (*setMinItems).Parse is unused (unused)
func (sm *setMinItems) Parse(lines []string) error {
                       ^
codescan/internal/comment-parsers/parser.go:233:6: type setMaxLength is unused (unused)
type setMaxLength struct {
     ^
codescan/internal/comment-parsers/parser.go:238:25: func (*setMaxLength).Parse is unused (unused)
func (sm *setMaxLength) Parse(lines []string) error {
                        ^
codescan/internal/comment-parsers/parser.go:257:25: func (*setMaxLength).Matches is unused (unused)
func (sm *setMaxLength) Matches(line string) bool {
                        ^
codescan/internal/comment-parsers/parser.go:261:6: type setMinLength is unused (unused)
type setMinLength struct {
     ^
codescan/internal/comment-parsers/parser.go:266:25: func (*setMinLength).Parse is unused (unused)
func (sm *setMinLength) Parse(lines []string) error {
                        ^
codescan/internal/comment-parsers/parser.go:285:25: func (*setMinLength).Matches is unused (unused)
func (sm *setMinLength) Matches(line string) bool {
                        ^
codescan/internal/comment-parsers/parser.go:289:6: type setPattern is unused (unused)
type setPattern struct {
     ^
codescan/internal/comment-parsers/parser.go:294:23: func (*setPattern).Parse is unused (unused)
func (sm *setPattern) Parse(lines []string) error {
                      ^
codescan/internal/comment-parsers/parser.go:308:23: func (*setPattern).Matches is unused (unused)
func (sm *setPattern) Matches(line string) bool {
                      ^
codescan/internal/comment-parsers/parser.go:312:6: type setCollectionFormat is unused (unused)
type setCollectionFormat struct {
     ^
codescan/internal/comment-parsers/parser.go:317:32: func (*setCollectionFormat).Parse is unused (unused)
func (sm *setCollectionFormat) Parse(lines []string) error {
                               ^
codescan/internal/comment-parsers/parser.go:332:32: func (*setCollectionFormat).Matches is unused (unused)
func (sm *setCollectionFormat) Matches(line string) bool {
                               ^
codescan/internal/comment-parsers/parser.go:336:6: type setUnique is unused (unused)
type setUnique struct {
     ^
codescan/internal/comment-parsers/parser.go:341:22: func (*setUnique).Matches is unused (unused)
func (su *setUnique) Matches(line string) bool {
                     ^
codescan/internal/comment-parsers/parser.go:345:22: func (*setUnique).Parse is unused (unused)
func (su *setUnique) Parse(lines []string) error {
                     ^
codescan/internal/comment-parsers/parser.go:360:6: type setEnum is unused (unused)
type setEnum struct {
     ^
codescan/internal/comment-parsers/parser.go:365:20: func (*setEnum).Matches is unused (unused)
func (se *setEnum) Matches(line string) bool {
                   ^
codescan/internal/comment-parsers/parser.go:369:20: func (*setEnum).Parse is unused (unused)
func (se *setEnum) Parse(lines []string) error {
                   ^
codescan/internal/comment-parsers/parser.go:380:6: func parseValueFromSchema is unused (unused)
func parseValueFromSchema(s string, schema *spec.SimpleSchema) (any, error) {
     ^
codescan/internal/comment-parsers/parser.go:411:6: type setDefault is unused (unused)
type setDefault struct {
     ^
codescan/internal/comment-parsers/parser.go:417:23: func (*setDefault).Matches is unused (unused)
func (sd *setDefault) Matches(line string) bool {
                      ^
codescan/internal/comment-parsers/parser.go:421:23: func (*setDefault).Parse is unused (unused)
func (sd *setDefault) Parse(lines []string) error {
                      ^
codescan/internal/comment-parsers/parser.go:436:6: type setExample is unused (unused)
type setExample struct {
     ^
codescan/internal/comment-parsers/parser.go:442:23: func (*setExample).Matches is unused (unused)
func (se *setExample) Matches(line string) bool {
                      ^
codescan/internal/comment-parsers/parser.go:446:23: func (*setExample).Parse is unused (unused)
func (se *setExample) Parse(lines []string) error {
                      ^
codescan/internal/comment-parsers/parser.go:461:6: type matchOnlyParam is unused (unused)
type matchOnlyParam struct {
     ^
codescan/internal/comment-parsers/parser.go:466:27: func (*matchOnlyParam).Matches is unused (unused)
func (mo *matchOnlyParam) Matches(line string) bool {
                          ^
codescan/internal/comment-parsers/parser.go:470:27: func (*matchOnlyParam).Parse is unused (unused)
func (mo *matchOnlyParam) Parse(_ []string) error {
                          ^
codescan/internal/comment-parsers/parser.go:474:6: type setRequiredParam is unused (unused)
type setRequiredParam struct {
     ^
codescan/internal/comment-parsers/parser.go:478:29: func (*setRequiredParam).Matches is unused (unused)
func (su *setRequiredParam) Matches(line string) bool {
                            ^
codescan/internal/comment-parsers/parser.go:482:29: func (*setRequiredParam).Parse is unused (unused)
func (su *setRequiredParam) Parse(lines []string) error {
                            ^
codescan/internal/comment-parsers/parser.go:497:6: type setReadOnlySchema is unused (unused)
type setReadOnlySchema struct {
     ^
codescan/internal/comment-parsers/parser.go:501:30: func (*setReadOnlySchema).Matches is unused (unused)
func (su *setReadOnlySchema) Matches(line string) bool {
                             ^
codescan/internal/comment-parsers/parser.go:505:30: func (*setReadOnlySchema).Parse is unused (unused)
func (su *setReadOnlySchema) Parse(lines []string) error {
                             ^
codescan/internal/comment-parsers/parser.go:520:6: type setDeprecatedOp is unused (unused)
type setDeprecatedOp struct {
     ^
codescan/internal/comment-parsers/parser.go:524:28: func (*setDeprecatedOp).Matches is unused (unused)
func (su *setDeprecatedOp) Matches(line string) bool {
                           ^
codescan/internal/comment-parsers/parser.go:528:28: func (*setDeprecatedOp).Parse is unused (unused)
func (su *setDeprecatedOp) Parse(lines []string) error {
                           ^
codescan/internal/comment-parsers/parser.go:543:6: type setDiscriminator is unused (unused)
type setDiscriminator struct {
     ^
codescan/internal/comment-parsers/parser.go:548:29: func (*setDiscriminator).Matches is unused (unused)
func (su *setDiscriminator) Matches(line string) bool {
                            ^
codescan/internal/comment-parsers/parser.go:552:29: func (*setDiscriminator).Parse is unused (unused)
func (su *setDiscriminator) Parse(lines []string) error {
                            ^
codescan/internal/comment-parsers/parser.go:571:6: type setRequiredSchema is unused (unused)
type setRequiredSchema struct {
     ^
codescan/internal/comment-parsers/parser.go:576:30: func (*setRequiredSchema).Matches is unused (unused)
func (su *setRequiredSchema) Matches(line string) bool {
                             ^
codescan/internal/comment-parsers/parser.go:580:30: func (*setRequiredSchema).Parse is unused (unused)
func (su *setRequiredSchema) Parse(lines []string) error {
                             ^
codescan/internal/comment-parsers/parser.go:608:6: func newMultilineDropEmptyParser is unused (unused)
func newMultilineDropEmptyParser(rx *regexp.Regexp, set func([]string)) *multiLineDropEmptyParser {
     ^
codescan/internal/comment-parsers/parser.go:615:6: type multiLineDropEmptyParser is unused (unused)
type multiLineDropEmptyParser struct {
     ^
codescan/internal/comment-parsers/parser.go:620:36: func (*multiLineDropEmptyParser).Matches is unused (unused)
func (m *multiLineDropEmptyParser) Matches(line string) bool {
                                   ^
codescan/internal/comment-parsers/parser.go:624:36: func (*multiLineDropEmptyParser).Parse is unused (unused)
func (m *multiLineDropEmptyParser) Parse(lines []string) error {
                                   ^
codescan/internal/comment-parsers/parser.go:629:6: func newSetSchemes is unused (unused)
func newSetSchemes(set func([]string)) *setSchemes {
     ^
codescan/internal/comment-parsers/parser.go:636:6: type setSchemes is unused (unused)
type setSchemes struct {
     ^
codescan/internal/comment-parsers/parser.go:641:23: func (*setSchemes).Matches is unused (unused)
func (ss *setSchemes) Matches(line string) bool {
                      ^
codescan/internal/comment-parsers/parser.go:645:23: func (*setSchemes).Parse is unused (unused)
func (ss *setSchemes) Parse(lines []string) error {
                      ^
codescan/internal/comment-parsers/parser.go:665:6: func newSetSecurity is unused (unused)
func newSetSecurity(rx *regexp.Regexp, setter func([]map[string][]string)) *setSecurity {
     ^
codescan/internal/comment-parsers/parser.go:672:6: type setSecurity is unused (unused)
type setSecurity struct {
     ^
codescan/internal/comment-parsers/parser.go:677:24: func (*setSecurity).Matches is unused (unused)
func (ss *setSecurity) Matches(line string) bool {
                       ^
codescan/internal/comment-parsers/parser.go:681:24: func (*setSecurity).Parse is unused (unused)
func (ss *setSecurity) Parse(lines []string) error {
                       ^
codescan/internal/comment-parsers/parser.go:711:6: func newSetResponses is unused (unused)
func newSetResponses(definitions map[string]spec.Schema, responses map[string]spec.Response, setter func(*spec.Response, map[int]spec.Response)) *setOpResponses {
     ^
codescan/internal/comment-parsers/parser.go:720:6: type setOpResponses is unused (unused)
type setOpResponses struct {
     ^
codescan/internal/comment-parsers/parser.go:727:27: func (*setOpResponses).Matches is unused (unused)
func (ss *setOpResponses) Matches(line string) bool {
                          ^
codescan/internal/comment-parsers/parser.go:740:6: func parseTags is unused (unused)
func parseTags(line string) (modelOrResponse string, arrays int, isDefinitionRef bool, description string, err error) {
     ^
codescan/internal/comment-parsers/parser.go:811:27: func (*setOpResponses).Parse is unused (unused)
func (ss *setOpResponses) Parse(lines []string) error {
                          ^
codescan/internal/comment-parsers/regexprs.go:11:2: const rxMaximumFmt is unused (unused)
	rxMaximumFmt    = "%s[Mm]ax(?:imum)?\\p{Zs}*:\\p{Zs}*([\\<=])?\\p{Zs}*([\\+-]?(?:\\p{N}+\\.)?\\p{N}+)$"
	^
codescan/internal/comment-parsers/regexprs.go:12:2: const rxMinimumFmt is unused (unused)
	rxMinimumFmt    = "%s[Mm]in(?:imum)?\\p{Zs}*:\\p{Zs}*([\\>=])?\\p{Zs}*([\\+-]?(?:\\p{N}+\\.)?\\p{N}+)$"
	^
codescan/internal/comment-parsers/regexprs.go:13:2: const rxMultipleOfFmt is unused (unused)
	rxMultipleOfFmt = "%s[Mm]ultiple\\p{Zs}*[Oo]f\\p{Zs}*:\\p{Zs}*([\\+-]?(?:\\p{N}+\\.)?\\p{N}+)$"
	^
codescan/internal/comment-parsers/regexprs.go:15:2: const rxMaxLengthFmt is unused (unused)
	rxMaxLengthFmt        = "%s[Mm]ax(?:imum)?(?:\\p{Zs}*[\\p{Pd}\\p{Pc}]?[Ll]en(?:gth)?)\\p{Zs}*:\\p{Zs}*(\\p{N}+)$"
	^
codescan/internal/comment-parsers/regexprs.go:16:2: const rxMinLengthFmt is unused (unused)
	rxMinLengthFmt        = "%s[Mm]in(?:imum)?(?:\\p{Zs}*[\\p{Pd}\\p{Pc}]?[Ll]en(?:gth)?)\\p{Zs}*:\\p{Zs}*(\\p{N}+)$"
	^
codescan/internal/comment-parsers/regexprs.go:17:2: const rxPatternFmt is unused (unused)
	rxPatternFmt          = "%s[Pp]attern\\p{Zs}*:\\p{Zs}*(.*)$"
	^
codescan/internal/comment-parsers/regexprs.go:18:2: const rxCollectionFormatFmt is unused (unused)
	rxCollectionFormatFmt = "%s[Cc]ollection(?:\\p{Zs}*[\\p{Pd}\\p{Pc}]?[Ff]ormat)\\p{Zs}*:\\p{Zs}*(.*)$"
	^
codescan/internal/comment-parsers/regexprs.go:19:2: const rxEnumFmt is unused (unused)
	rxEnumFmt             = "%s[Ee]num\\p{Zs}*:\\p{Zs}*(.*)$"
	^
codescan/internal/comment-parsers/regexprs.go:20:2: const rxDefaultFmt is unused (unused)
	rxDefaultFmt          = "%s[Dd]efault\\p{Zs}*:\\p{Zs}*(.*)$"
	^
codescan/internal/comment-parsers/regexprs.go:21:2: const rxExampleFmt is unused (unused)
	rxExampleFmt          = "%s[Ee]xample\\p{Zs}*:\\p{Zs}*(.*)$"
	^
codescan/internal/comment-parsers/regexprs.go:23:2: const rxMaxItemsFmt is unused (unused)
	rxMaxItemsFmt = "%s[Mm]ax(?:imum)?(?:\\p{Zs}*|[\\p{Pd}\\p{Pc}]|\\.)?[Ii]tems\\p{Zs}*:\\p{Zs}*(\\p{N}+)$"
	^
codescan/internal/comment-parsers/regexprs.go:24:2: const rxMinItemsFmt is unused (unused)
	rxMinItemsFmt = "%s[Mm]in(?:imum)?(?:\\p{Zs}*|[\\p{Pd}\\p{Pc}]|\\.)?[Ii]tems\\p{Zs}*:\\p{Zs}*(\\p{N}+)$"
	^
codescan/internal/comment-parsers/regexprs.go:25:2: const rxUniqueFmt is unused (unused)
	rxUniqueFmt   = "%s[Uu]nique\\p{Zs}*:\\p{Zs}*(true|false)$"
	^
codescan/internal/comment-parsers/regexprs.go:27:2: const rxItemsPrefixFmt is unused (unused)
	rxItemsPrefixFmt = "(?:[Ii]tems[\\.\\p{Zs}]*){%d}"
	^
codescan/internal/comment-parsers/regexprs.go:35:2: var rxName is unused (unused)
	rxName               = regexp.MustCompile(`swagger:name\p{Zs}*(\p{L}[\p{L}\p{N}\p{Pd}\p{Pc}\.]+)$`)
	^
codescan/internal/comment-parsers/regexprs.go:53:2: var rxBeginYAMLSpec is unused (unused)
	rxBeginYAMLSpec    = regexp.MustCompile(`---\p{Zs}*$`)
	^
codescan/internal/comment-parsers/regexprs.go:55:2: var rxUncommentYAML is unused (unused)
	rxUncommentYAML    = regexp.MustCompile(`^[\p{Zs}\t]*/*`)
	^
codescan/internal/comment-parsers/regexprs.go:72:2: var rxStripTitleComments is unused (unused)
	rxStripTitleComments = regexp.MustCompile(`^[^\p{L}]*[Pp]ackage\p{Zs}+[^\p{Zs}]+\p{Zs}*`)
	^
codescan/internal/comment-parsers/regexprs.go:73:2: var rxAllowedExtensions is unused (unused)
	rxAllowedExtensions  = regexp.MustCompile(`^[Xx]-`)
	^
codescan/internal/comment-parsers/regexprs.go:75:2: var rxIn is unused (unused)
	rxIn              = regexp.MustCompile(`[Ii]n\p{Zs}*:\p{Zs}*(query|path|header|body|formData)$`)
	^
codescan/internal/comment-parsers/regexprs.go:76:2: var rxRequired is unused (unused)
	rxRequired        = regexp.MustCompile(`[Rr]equired\p{Zs}*:\p{Zs}*(true|false)$`)
	^
codescan/internal/comment-parsers/regexprs.go:77:2: var rxDiscriminator is unused (unused)
	rxDiscriminator   = regexp.MustCompile(`[Dd]iscriminator\p{Zs}*:\p{Zs}*(true|false)$`)
	^
codescan/internal/comment-parsers/regexprs.go:78:2: var rxReadOnly is unused (unused)
	rxReadOnly        = regexp.MustCompile(`[Rr]ead(?:\p{Zs}*|[\p{Pd}\p{Pc}])?[Oo]nly\p{Zs}*:\p{Zs}*(true|false)$`)
	^
codescan/internal/comment-parsers/regexprs.go:79:2: var rxConsumes is unused (unused)
	rxConsumes        = regexp.MustCompile(`[Cc]onsumes\p{Zs}*:`)
	^
codescan/internal/comment-parsers/regexprs.go:80:2: var rxProduces is unused (unused)
	rxProduces        = regexp.MustCompile(`[Pp]roduces\p{Zs}*:`)
	^
codescan/internal/comment-parsers/regexprs.go:81:2: var rxSecuritySchemes is unused (unused)
	rxSecuritySchemes = regexp.MustCompile(`[Ss]ecurity\p{Zs}*:`)
	^
codescan/internal/comment-parsers/regexprs.go:82:2: var rxSecurity is unused (unused)
	rxSecurity        = regexp.MustCompile(`[Ss]ecurity\p{Zs}*[Dd]efinitions:`)
	^
codescan/internal/comment-parsers/regexprs.go:83:2: var rxResponses is unused (unused)
	rxResponses       = regexp.MustCompile(`[Rr]esponses\p{Zs}*:`)
	^
codescan/internal/comment-parsers/regexprs.go:84:2: var rxParameters is unused (unused)
	rxParameters      = regexp.MustCompile(`[Pp]arameters\p{Zs}*:`)
	^
codescan/internal/comment-parsers/regexprs.go:85:2: var rxSchemes is unused (unused)
	rxSchemes         = regexp.MustCompile(`[Ss]chemes\p{Zs}*:\p{Zs}*((?:(?:https?|HTTPS?|wss?|WSS?)[\p{Zs},]*)+)$`)
	^
codescan/internal/comment-parsers/regexprs.go:86:2: var rxVersion is unused (unused)
	rxVersion         = regexp.MustCompile(`[Vv]ersion\p{Zs}*:\p{Zs}*(.+)$`)
	^
codescan/internal/comment-parsers/regexprs.go:87:2: var rxHost is unused (unused)
	rxHost            = regexp.MustCompile(`[Hh]ost\p{Zs}*:\p{Zs}*(.+)$`)
	^
codescan/internal/comment-parsers/regexprs.go:88:2: var rxBasePath is unused (unused)
	rxBasePath        = regexp.MustCompile(`[Bb]ase\p{Zs}*-*[Pp]ath\p{Zs}*:\p{Zs}*` + rxPath + "$")
	^
codescan/internal/comment-parsers/regexprs.go:89:2: var rxLicense is unused (unused)
	rxLicense         = regexp.MustCompile(`[Ll]icense\p{Zs}*:\p{Zs}*(.+)$`)
	^
codescan/internal/comment-parsers/regexprs.go:90:2: var rxContact is unused (unused)
	rxContact         = regexp.MustCompile(`[Cc]ontact\p{Zs}*-?(?:[Ii]info\p{Zs}*)?:\p{Zs}*(.+)$`)
	^
codescan/internal/comment-parsers/regexprs.go:91:2: var rxTOS is unused (unused)
	rxTOS             = regexp.MustCompile(`[Tt](:?erms)?\p{Zs}*-?[Oo]f?\p{Zs}*-?[Ss](?:ervice)?\p{Zs}*:`)
	^
codescan/internal/comment-parsers/regexprs.go:92:2: var rxExtensions is unused (unused)
	rxExtensions      = regexp.MustCompile(`[Ee]xtensions\p{Zs}*:`)
	^
codescan/internal/comment-parsers/regexprs.go:93:2: var rxInfoExtensions is unused (unused)
	rxInfoExtensions  = regexp.MustCompile(`[In]nfo\p{Zs}*[Ee]xtensions:`)
	^
codescan/internal/comment-parsers/regexprs.go:94:2: var rxDeprecated is unused (unused)
	rxDeprecated      = regexp.MustCompile(`[Dd]eprecated\p{Zs}*:\p{Zs}*(true|false)$`)
	^
codescan/internal/comment-parsers/yaml.go:55:6: type yamlSpecScanner is unused (unused)
type yamlSpecScanner struct {
     ^
codescan/internal/comment-parsers/yaml.go:126:28: func (*yamlSpecScanner).collectTitleDescription is unused (unused)
func (sp *yamlSpecScanner) collectTitleDescription() {
                           ^
codescan/internal/comment-parsers/yaml.go:140:28: func (*yamlSpecScanner).Title is unused (unused)
func (sp *yamlSpecScanner) Title() []string {
                           ^
codescan/internal/comment-parsers/yaml.go:145:28: func (*yamlSpecScanner).Description is unused (unused)
func (sp *yamlSpecScanner) Description() []string {
                           ^
codescan/internal/comment-parsers/yaml.go:150:28: func (*yamlSpecScanner).Parse is unused (unused)
func (sp *yamlSpecScanner) Parse(doc *ast.CommentGroup) error {
                           ^
codescan/internal/comment-parsers/yaml.go:193:28: func (*yamlSpecScanner).UnmarshalSpec is unused (unused)
func (sp *yamlSpecScanner) UnmarshalSpec(u func([]byte) error) error {
                           ^
135 issues:
* unused: 135
